<?xml version="1.0" encoding="UTF-8"?>
<!-- Generated by org.testng.reporters.JUnitReportReporter -->
<testsuite hostname="DESKTOP-LSM8SKP" failures="0" tests="3" name="web.tests.ExchangeRate.currency_exchange_rateTests" time="237.767" errors="3" timestamp="2024-04-04T14:53:50 IST" skipped="0">
  <testcase classname="web.tests.ExchangeRate.currency_exchange_rateTests" name="verify_value_in_currency_exchange_rate" time="81.873">
    <error message="For input string: &quot;153.444837 EGP&quot;" type="java.lang.NumberFormatException">
      <![CDATA[java.lang.NumberFormatException: For input string: "153.444837 EGP"
at java.base/jdk.internal.math.FloatingDecimal.readJavaFormatString(FloatingDecimal.java:2054)
at java.base/jdk.internal.math.FloatingDecimal.parseDouble(FloatingDecimal.java:110)
at java.base/java.lang.Double.parseDouble(Double.java:651)
at web.object_repository.ExchangeRate.exchange_rate.get_total_exchange_report(exchange_rate.java:147)
at web.tests.ExchangeRate.currency_exchange_rateTests.verify_value_in_currency_exchange_rate(currency_exchange_rateTests.java:41)
at java.base/jdk.internal.reflect.NativeMethodAccessorImpl.invoke0(Native Method)
at java.base/jdk.internal.reflect.NativeMethodAccessorImpl.invoke(NativeMethodAccessorImpl.java:77)
at java.base/jdk.internal.reflect.DelegatingMethodAccessorImpl.invoke(DelegatingMethodAccessorImpl.java:43)
at java.base/java.lang.reflect.Method.invoke(Method.java:568)
at org.testng.internal.invokers.MethodInvocationHelper.invokeMethod(MethodInvocationHelper.java:139)
at org.testng.internal.invokers.TestInvoker.invokeMethod(TestInvoker.java:664)
at org.testng.internal.invokers.TestInvoker.invokeTestMethod(TestInvoker.java:227)
at org.testng.internal.invokers.MethodRunner.runInSequence(MethodRunner.java:50)
at org.testng.internal.invokers.TestInvoker$MethodInvocationAgent.invoke(TestInvoker.java:957)
at org.testng.internal.invokers.TestInvoker.invokeTestMethods(TestInvoker.java:200)
at org.testng.internal.invokers.TestMethodWorker.invokeTestMethods(TestMethodWorker.java:148)
at org.testng.internal.invokers.TestMethodWorker.run(TestMethodWorker.java:128)
at java.base/java.util.ArrayList.forEach(ArrayList.java:1511)
at org.testng.TestRunner.privateRun(TestRunner.java:848)
at org.testng.TestRunner.run(TestRunner.java:621)
at org.testng.SuiteRunner.runTest(SuiteRunner.java:443)
at org.testng.SuiteRunner$SuiteWorker.run(SuiteRunner.java:481)
at org.testng.internal.thread.ThreadUtil.lambda$execute$0(ThreadUtil.java:58)
at java.base/java.util.concurrent.FutureTask.run(FutureTask.java:264)
at java.base/java.util.concurrent.ThreadPoolExecutor.runWorker(ThreadPoolExecutor.java:1136)
at java.base/java.util.concurrent.ThreadPoolExecutor$Worker.run(ThreadPoolExecutor.java:635)
at java.base/java.lang.Thread.run(Thread.java:840)
]]>
    </error>
    <system-out>
      <![CDATA[Step : Click on destination_country_dropdown_click<br>
Step : clear value from your_send_text_single text fields and enter text 110<br>
Step : Click on your_receive_text_currency_type_single<br>
Currency type is: USD
Current exchange value is:  153.444837 EGP
Amount you want to convert: 100]]>
    </system-out>
  </testcase> <!-- verify_value_in_currency_exchange_rate -->
  <testcase classname="web.tests.ExchangeRate.currency_exchange_rateTests" name="verify_value_in_currency_exchange_rate" time="78.298">
    <error message="For input string: &quot;3.242017 USD&quot;" type="java.lang.NumberFormatException">
      <![CDATA[java.lang.NumberFormatException: For input string: "3.242017 USD"
at java.base/jdk.internal.math.FloatingDecimal.readJavaFormatString(FloatingDecimal.java:2054)
at java.base/jdk.internal.math.FloatingDecimal.parseDouble(FloatingDecimal.java:110)
at java.base/java.lang.Double.parseDouble(Double.java:651)
at web.object_repository.ExchangeRate.exchange_rate.get_total_exchange_report(exchange_rate.java:147)
at web.tests.ExchangeRate.currency_exchange_rateTests.verify_value_in_currency_exchange_rate(currency_exchange_rateTests.java:41)
at java.base/jdk.internal.reflect.NativeMethodAccessorImpl.invoke0(Native Method)
at java.base/jdk.internal.reflect.NativeMethodAccessorImpl.invoke(NativeMethodAccessorImpl.java:77)
at java.base/jdk.internal.reflect.DelegatingMethodAccessorImpl.invoke(DelegatingMethodAccessorImpl.java:43)
at java.base/java.lang.reflect.Method.invoke(Method.java:568)
at org.testng.internal.invokers.MethodInvocationHelper.invokeMethod(MethodInvocationHelper.java:139)
at org.testng.internal.invokers.TestInvoker.invokeMethod(TestInvoker.java:664)
at org.testng.internal.invokers.TestInvoker.invokeTestMethod(TestInvoker.java:227)
at org.testng.internal.invokers.MethodRunner.runInSequence(MethodRunner.java:50)
at org.testng.internal.invokers.TestInvoker$MethodInvocationAgent.invoke(TestInvoker.java:957)
at org.testng.internal.invokers.TestInvoker.invokeTestMethods(TestInvoker.java:200)
at org.testng.internal.invokers.TestMethodWorker.invokeTestMethods(TestMethodWorker.java:148)
at org.testng.internal.invokers.TestMethodWorker.run(TestMethodWorker.java:128)
at java.base/java.util.ArrayList.forEach(ArrayList.java:1511)
at org.testng.TestRunner.privateRun(TestRunner.java:848)
at org.testng.TestRunner.run(TestRunner.java:621)
at org.testng.SuiteRunner.runTest(SuiteRunner.java:443)
at org.testng.SuiteRunner$SuiteWorker.run(SuiteRunner.java:481)
at org.testng.internal.thread.ThreadUtil.lambda$execute$0(ThreadUtil.java:58)
at java.base/java.util.concurrent.FutureTask.run(FutureTask.java:264)
at java.base/java.util.concurrent.ThreadPoolExecutor.runWorker(ThreadPoolExecutor.java:1136)
at java.base/java.util.concurrent.ThreadPoolExecutor$Worker.run(ThreadPoolExecutor.java:635)
at java.base/java.lang.Thread.run(Thread.java:840)
]]>
    </error>
    <system-out>
      <![CDATA[Step : Click on destination_country_dropdown_click<br>
Step : clear value from your_send_text_single text fields and enter text 80<br>
Step : Click on your_receive_text_currency_type_single<br>
Currency type is: EUR
Current exchange value is:  3.242017 USD
Amount you want to convert: 80]]>
    </system-out>
  </testcase> <!-- verify_value_in_currency_exchange_rate -->
  <testcase classname="web.tests.ExchangeRate.currency_exchange_rateTests" name="verify_value_in_currency_exchange_rate" time="77.596">
    <error message="For input string: &quot;270.635995 INR&quot;" type="java.lang.NumberFormatException">
      <![CDATA[java.lang.NumberFormatException: For input string: "270.635995 INR"
at java.base/jdk.internal.math.FloatingDecimal.readJavaFormatString(FloatingDecimal.java:2054)
at java.base/jdk.internal.math.FloatingDecimal.parseDouble(FloatingDecimal.java:110)
at java.base/java.lang.Double.parseDouble(Double.java:651)
at web.object_repository.ExchangeRate.exchange_rate.get_total_exchange_report(exchange_rate.java:147)
at web.tests.ExchangeRate.currency_exchange_rateTests.verify_value_in_currency_exchange_rate(currency_exchange_rateTests.java:41)
at java.base/jdk.internal.reflect.NativeMethodAccessorImpl.invoke0(Native Method)
at java.base/jdk.internal.reflect.NativeMethodAccessorImpl.invoke(NativeMethodAccessorImpl.java:77)
at java.base/jdk.internal.reflect.DelegatingMethodAccessorImpl.invoke(DelegatingMethodAccessorImpl.java:43)
at java.base/java.lang.reflect.Method.invoke(Method.java:568)
at org.testng.internal.invokers.MethodInvocationHelper.invokeMethod(MethodInvocationHelper.java:139)
at org.testng.internal.invokers.TestInvoker.invokeMethod(TestInvoker.java:664)
at org.testng.internal.invokers.TestInvoker.invokeTestMethod(TestInvoker.java:227)
at org.testng.internal.invokers.MethodRunner.runInSequence(MethodRunner.java:50)
at org.testng.internal.invokers.TestInvoker$MethodInvocationAgent.invoke(TestInvoker.java:957)
at org.testng.internal.invokers.TestInvoker.invokeTestMethods(TestInvoker.java:200)
at org.testng.internal.invokers.TestMethodWorker.invokeTestMethods(TestMethodWorker.java:148)
at org.testng.internal.invokers.TestMethodWorker.run(TestMethodWorker.java:128)
at java.base/java.util.ArrayList.forEach(ArrayList.java:1511)
at org.testng.TestRunner.privateRun(TestRunner.java:848)
at org.testng.TestRunner.run(TestRunner.java:621)
at org.testng.SuiteRunner.runTest(SuiteRunner.java:443)
at org.testng.SuiteRunner$SuiteWorker.run(SuiteRunner.java:481)
at org.testng.internal.thread.ThreadUtil.lambda$execute$0(ThreadUtil.java:58)
at java.base/java.util.concurrent.FutureTask.run(FutureTask.java:264)
at java.base/java.util.concurrent.ThreadPoolExecutor.runWorker(ThreadPoolExecutor.java:1136)
at java.base/java.util.concurrent.ThreadPoolExecutor$Worker.run(ThreadPoolExecutor.java:635)
at java.base/java.lang.Thread.run(Thread.java:840)
]]>
    </error>
    <system-out>
      <![CDATA[Step : Click on destination_country_dropdown_click<br>
Step : clear value from your_send_text_single text fields and enter text 150<br>
Step : Click on your_receive_text_currency_type_single<br>
Currency type is: EUR
Current exchange value is:  270.635995 INR
Amount you want to convert: 100]]>
    </system-out>
  </testcase> <!-- verify_value_in_currency_exchange_rate -->
  <system-out>
    <![CDATA[Step : Click on destination_country_dropdown_click<br>
Step : clear value from your_send_text_single text fields and enter text 80<br>
Step : Click on your_receive_text_currency_type_single<br>
Currency type is: EUR
Current exchange value is:  3.242017 USD
Amount you want to convert: 80
<h1 style="color:red;font-size:15px;">Test Failed</h1>   
Step : <img src="C:\Users\Harshal\IdeaProjects\Al_Mulla_exchange\src\test\resources\failed_test_screenshot\verify_value_in_currency_exchange_rate_TZbqi.png" alt="test" width="1024" height="640"><br>
Step : Click on destination_country_dropdown_click<br>
Step : clear value from your_send_text_single text fields and enter text 110<br>
Step : Click on your_receive_text_currency_type_single<br>
Currency type is: USD
Current exchange value is:  153.444837 EGP
Amount you want to convert: 100
<h1 style="color:red;font-size:15px;">Test Failed</h1>   
Step : <img src="C:\Users\Harshal\IdeaProjects\Al_Mulla_exchange\src\test\resources\failed_test_screenshot\verify_value_in_currency_exchange_rate_p0tGb.png" alt="test" width="1024" height="640"><br>
Step : Click on destination_country_dropdown_click<br>
Step : clear value from your_send_text_single text fields and enter text 150<br>
Step : Click on your_receive_text_currency_type_single<br>
Currency type is: EUR
Current exchange value is:  270.635995 INR
Amount you want to convert: 100
<h1 style="color:red;font-size:15px;">Test Failed</h1>   
Step : <img src="C:\Users\Harshal\IdeaProjects\Al_Mulla_exchange\src\test\resources\failed_test_screenshot\verify_value_in_currency_exchange_rate_n616U.png" alt="test" width="1024" height="640"><br>
Step : Click on about_us_link_text<br>
Step : Click on services_link_text<br>
Step : Click on branches_link_text<br>
Step : Click on promotions_link_text<br>
Step : Click on contact_link_text<br>
Step : Click on remit_online_link_text<br>
Step : Click on news_link_text<br>
Step : Click on faq_link_text<br>
Step : Click on arabic_language_link_text<br>
Step : Click on about_us_in_english<br>
Step : Click on remit_online_linked_text<br>
Step : Click on sign_up_on_remit_online_page<br>
Step : Click on civil_id_text_on_remit_online<br>
Step : Enter text 353747 at locator civil_id_text_on_remit_online<br>
Step : Click on send_otp_button_on_remit_online<br>]]>
  </system-out>
</testsuite> <!-- web.tests.ExchangeRate.currency_exchange_rateTests -->
