<?xml version="1.0" encoding="UTF-8"?>
<!-- Generated by org.testng.reporters.JUnitReportReporter -->
<testsuite hostname="DESKTOP-LSM8SKP" failures="0" tests="1" name="web.tests.Remit_online_test.remit_online_test" time="38.825" errors="0" timestamp="2024-04-04T18:40:37 IST" skipped="0">
  <testcase classname="web.tests.Remit_online_test.remit_online_test" name="verify_remit_online" time="38.825">
    <system-out>
      <![CDATA[Step : Click on remit_online_linked_text<br>
Step : Click on sign_up_on_remit_online_page<br>
Step : Click on civil_id_text_on_remit_online<br>
Step : Enter text 353747 at locator civil_id_text_on_remit_online<br>
Step : Click on send_otp_button_on_remit_online<br>]]>
    </system-out>
  </testcase> <!-- verify_remit_online -->
  <system-out>
    <![CDATA[Step : Click on destination_country_dropdown_click<br>
Step : clear value from your_send_text_single text fields and enter text 80.0<br>
Step : Click on your_receive_text_currency_type_single<br>
Currency type is: EUR
Current exchange value is: 2.960332
Amount you want to convert: 80
Exchange value is: 237
Current date of exchange is: 09-Apr 11:00 AM Delivery
Total fee to be deducted is: Fees = 7  KWD
Step : Click on destination_country_dropdown_click<br>
Step : clear value from your_send_text_single text fields and enter text 110.0<br>
Step : Click on your_receive_text_currency_type_single<br>
Currency type is: USD
Current exchange value is: 3.245594
Amount you want to convert: 100
Exchange value is: 325
Current date of exchange is: 07-Apr 02:00 PM Delivery
Total fee to be deducted is: Fees = 1.75  KWD
Step : Click on destination_country_dropdown_click<br>
Step : clear value from your_send_text_single text fields and enter text 134.0<br>
Step : Click on your_receive_text_currency_type_single<br>
Currency type is: EUR
Current exchange value is: 2.960332
Amount you want to convert: 134
Exchange value is: 397
Current date of exchange is: 10-Apr 05:30 AM Delivery
Total fee to be deducted is: Fees = 7  KWD
Step : Click on about_us_link_text<br>
Step : Click on services_link_text<br>
Step : Click on branches_link_text<br>
Step : Click on promotions_link_text<br>
Step : Click on contact_link_text<br>
Step : Click on remit_online_link_text<br>
Step : Click on news_link_text<br>
Step : Click on faq_link_text<br>
Step : Click on arabic_language_link_text<br>
Step : Click on about_us_in_english<br>
Step : Click on remit_online_linked_text<br>
Step : Click on sign_up_on_remit_online_page<br>
Step : Click on civil_id_text_on_remit_online<br>
Step : Enter text 353747 at locator civil_id_text_on_remit_online<br>
Step : Click on send_otp_button_on_remit_online<br>]]>
  </system-out>
</testsuite> <!-- web.tests.Remit_online_test.remit_online_test -->
