<?xml version="1.0" encoding="UTF-8"?>
<!-- Generated by org.testng.reporters.JUnitReportReporter -->
<testsuite hostname="DESKTOP-LSM8SKP" failures="0" tests="1" name="web.tests.HeadersTest.headers_test" time="107.013" errors="0" timestamp="2024-04-04T14:53:50 IST" skipped="0">
  <testcase classname="web.tests.HeadersTest.headers_test" name="verify_data_in_header" time="107.013">
    <system-out>
      <![CDATA[Step : Click on about_us_link_text<br>
Step : Click on services_link_text<br>
Step : Click on branches_link_text<br>
Step : Click on promotions_link_text<br>
Step : Click on contact_link_text<br>
Step : Click on remit_online_link_text<br>
Step : Click on news_link_text<br>
Step : Click on faq_link_text<br>
Step : Click on arabic_language_link_text<br>
Step : Click on about_us_in_english<br>]]>
    </system-out>
  </testcase> <!-- verify_data_in_header -->
  <system-out>
    <![CDATA[Step : Click on destination_country_dropdown_click<br>
Step : clear value from your_send_text_single text fields and enter text 80<br>
Step : Click on your_receive_text_currency_type_single<br>
Currency type is: EUR
Current exchange value is:  3.242017 USD
Amount you want to convert: 80
<h1 style="color:red;font-size:15px;">Test Failed</h1>   
Step : <img src="C:\Users\Harshal\IdeaProjects\Al_Mulla_exchange\src\test\resources\failed_test_screenshot\verify_value_in_currency_exchange_rate_TZbqi.png" alt="test" width="1024" height="640"><br>
Step : Click on destination_country_dropdown_click<br>
Step : clear value from your_send_text_single text fields and enter text 110<br>
Step : Click on your_receive_text_currency_type_single<br>
Currency type is: USD
Current exchange value is:  153.444837 EGP
Amount you want to convert: 100
<h1 style="color:red;font-size:15px;">Test Failed</h1>   
Step : <img src="C:\Users\Harshal\IdeaProjects\Al_Mulla_exchange\src\test\resources\failed_test_screenshot\verify_value_in_currency_exchange_rate_p0tGb.png" alt="test" width="1024" height="640"><br>
Step : Click on destination_country_dropdown_click<br>
Step : clear value from your_send_text_single text fields and enter text 150<br>
Step : Click on your_receive_text_currency_type_single<br>
Currency type is: EUR
Current exchange value is:  270.635995 INR
Amount you want to convert: 100
<h1 style="color:red;font-size:15px;">Test Failed</h1>   
Step : <img src="C:\Users\Harshal\IdeaProjects\Al_Mulla_exchange\src\test\resources\failed_test_screenshot\verify_value_in_currency_exchange_rate_n616U.png" alt="test" width="1024" height="640"><br>
Step : Click on about_us_link_text<br>
Step : Click on services_link_text<br>
Step : Click on branches_link_text<br>
Step : Click on promotions_link_text<br>
Step : Click on contact_link_text<br>
Step : Click on remit_online_link_text<br>
Step : Click on news_link_text<br>
Step : Click on faq_link_text<br>
Step : Click on arabic_language_link_text<br>
Step : Click on about_us_in_english<br>
Step : Click on remit_online_linked_text<br>
Step : Click on sign_up_on_remit_online_page<br>
Step : Click on civil_id_text_on_remit_online<br>
Step : Enter text 353747 at locator civil_id_text_on_remit_online<br>
Step : Click on send_otp_button_on_remit_online<br>]]>
  </system-out>
</testsuite> <!-- web.tests.HeadersTest.headers_test -->
