<?xml version="1.0" encoding="UTF-8"?>
<!-- Generated by org.testng.reporters.JUnitReportReporter -->
<testsuite hostname="DESKTOP-LSM8SKP" failures="0" tests="1" name="web.tests.HeadersTest.headers_test" time="98.153" errors="0" timestamp="2024-04-04T11:00:18 IST" skipped="0">
  <testcase classname="web.tests.HeadersTest.headers_test" name="verify_data_in_header" time="98.153">
    <system-out>
      <![CDATA[Step : Click on about_us_link_text<br>
Step : Click on services_link_text<br>
Step : Click on branches_link_text<br>
Step : Click on promotions_link_text<br>
Step : Click on contact_link_text<br>
Step : Click on remit_online_link_text<br>
Step : Click on news_link_text<br>
Step : Click on faq_link_text<br>
Step : Click on arabic_language_link_text<br>]]>
    </system-out>
  </testcase> <!-- verify_data_in_header -->
  <system-out>
    <![CDATA[Step : Click on about_us_link_text<br>
Step : Click on services_link_text<br>
Step : Click on branches_link_text<br>
Step : Click on promotions_link_text<br>
Step : Click on contact_link_text<br>
Step : Click on remit_online_link_text<br>
Step : Click on news_link_text<br>
Step : Click on faq_link_text<br>
Step : Click on arabic_language_link_text<br>
Step : Click on remit_online_linked_text<br>
Step : Click on sign_up_on_remit_online_page<br>
Step : Click on civil_id_text_on_remit_online<br>
Step : Enter text 236 at locator civil_id_text_on_remit_online<br>
Step : Click on send_otp_button_on_remit_online<br>]]>
  </system-out>
</testsuite> <!-- web.tests.HeadersTest.headers_test -->
